[school2024.abinit.org/index.html]
[backblue.gif]
[fade.gif]
[index.html]
[school2024.abinit.org/images/logos/abischool_icon.ico]
[school2024.abinit.org/media/vendor/joomla-custom-elements/css/joomla-alert.min44b7.css]
[school2024.abinit.org/index006c.css]
[school2024.abinit.org/templates/shaper_helixultimate/css/bootstrap.min.css]
[school2024.abinit.org/plugins/system/helixultimate/assets/css/system-j4.min.css]
[school2024.abinit.org/media/system/css/joomla-fontawesome.min0473.css]
[school2024.abinit.org/templates/shaper_helixultimate/css/template.css]
[school2024.abinit.org/templates/shaper_helixultimate/css/presets/default.css]
[school2024.abinit.org/images/images/abinit_configure.jpg]
[school2024.abinit.org/images/images/abidev22_home_8.png]
[school2024.abinit.org/images/fonts/UbuntuMono-BoldItalic.ttf]
[school2024.abinit.org/images/fonts/UbuntuMono-Italic.ttf]
[school2024.abinit.org/images/fonts/UbuntuMono-Bold.ttf]
[school2024.abinit.org/images/fonts/UbuntuMono-Regular.ttf]
[school2024.abinit.org/media/vendor/jquery/js/jquery.mind569.js]
[school2024.abinit.org/media/legacy/js/jquery-noconflict.minaad7.js]
[school2024.abinit.org/media/system/js/core.min7335.js]
[school2024.abinit.org/media/vendor/bootstrap/js/bootstrap-es5.min79ff.js]
[school2024.abinit.org/media/system/js/showon-es5.min6186.js]
[school2024.abinit.org/media/system/js/messages-es5.minb614.js]
[school2024.abinit.org/media/vendor/bootstrap/js/alert.min79ff.js]
[school2024.abinit.org/media/vendor/bootstrap/js/button.min79ff.js]
[school2024.abinit.org/media/vendor/bootstrap/js/carousel.min79ff.js]
[school2024.abinit.org/media/vendor/bootstrap/js/collapse.min79ff.js]
[school2024.abinit.org/media/vendor/bootstrap/js/dropdown.min79ff.js]
[school2024.abinit.org/media/vendor/bootstrap/js/modal.min79ff.js]
[school2024.abinit.org/media/vendor/bootstrap/js/offcanvas.min79ff.js]
[school2024.abinit.org/media/vendor/bootstrap/js/popover.min79ff.js]
[school2024.abinit.org/media/vendor/bootstrap/js/scrollspy.min79ff.js]
[school2024.abinit.org/media/vendor/bootstrap/js/tab.min79ff.js]
[school2024.abinit.org/media/vendor/bootstrap/js/toast.min79ff.js]
[school2024.abinit.org/media/system/js/showon.min8e34.js]
[school2024.abinit.org/media/system/js/messages.minae9f.js]
[school2024.abinit.org/indexc627.php]
[school2024.abinit.org/templates/shaper_helixultimate/js/main.js]
[school2024.abinit.org/program/program-and-speakers.html]
[school2024.abinit.org/resources/location.html]
[school2024.abinit.org/register/school-registration.html]
[school2024.abinit.org/login.html]
[school2024.abinit.org/images/logos/cea_logo.png]
[school2024.abinit.org/index.html]
[school2024.abinit.org/media/vendor/joomla-custom-elements/css/joomla-alert.min44b7.css]
[school2024.abinit.org/index006c.css]
[school2024.abinit.org/templates/shaper_helixultimate/css/bootstrap.min.css]
[school2024.abinit.org/plugins/system/helixultimate/assets/css/system-j4.min.css]
[school2024.abinit.org/media/vendor/fontawesome-free/webfonts/fa-regular-400.eot]
[school2024.abinit.org/media/vendor/fontawesome-free/webfonts/fa-regular-400d41d.eot]
[school2024.abinit.org/media/vendor/fontawesome-free/webfonts/fa-regular-400.woff2]
[school2024.abinit.org/media/vendor/fontawesome-free/webfonts/fa-regular-400.woff]
[school2024.abinit.org/media/vendor/fontawesome-free/webfonts/fa-regular-400.ttf]
[school2024.abinit.org/media/vendor/fontawesome-free/webfonts/fa-solid-900.eot]
[school2024.abinit.org/media/vendor/fontawesome-free/webfonts/fa-solid-900d41d.eot]
[school2024.abinit.org/media/vendor/fontawesome-free/webfonts/fa-solid-900.woff2]
[school2024.abinit.org/media/vendor/fontawesome-free/webfonts/fa-solid-900.woff]
[school2024.abinit.org/media/vendor/fontawesome-free/webfonts/fa-solid-900.ttf]
[school2024.abinit.org/media/vendor/fontawesome-free/webfonts/fa-brands-400.eot]
[school2024.abinit.org/media/vendor/fontawesome-free/webfonts/fa-brands-400d41d.eot]
[school2024.abinit.org/media/vendor/fontawesome-free/webfonts/fa-brands-400.woff2]
[school2024.abinit.org/media/vendor/fontawesome-free/webfonts/fa-brands-400.woff]
[school2024.abinit.org/media/vendor/fontawesome-free/webfonts/fa-brands-400.ttf]
[school2024.abinit.org/media/system/css/joomla-fontawesome.min0473.css]
[school2024.abinit.org/templates/shaper_helixultimate/images/menu-bg.jpg]
[school2024.abinit.org/templates/shaper_helixultimate/css/template.css]
[school2024.abinit.org/templates/shaper_helixultimate/css/presets/default.css]
[school2024.abinit.org/images/logos/abischool_logo_dark.svg]
[school2024.abinit.org/images/files/abischool24_program.pdf]
[school2024.abinit.org/images/files/abischool24_program.png]
[school2024.abinit.org/program/program-and-speakers.html]
[school2024.abinit.org/images/images/TGCC_1.jpg]
[school2024.abinit.org/images/images/Plan_Acces_Campus_Teratec.jpg]
[school2024.abinit.org/images/images/plan_teratec.jpg]
[school2024.abinit.org/images/logos/belambra-clubs-le-domaine.jpg]
[school2024.abinit.org/images/logos/belambra-chambre.jpg]
[school2024.abinit.org/images/logos/centre-ville-dourdan-essonne_2.png]
[school2024.abinit.org/resources/location.html]
[school2024.abinit.org/images/images/nomad-coe.png]
[school2024.abinit.org/index7a2a.html]
[school2024.abinit.org/register/school-registration.html]
[school2024.abinit.org/media/plg_system_webauthn/css/button.min0473.css]
[school2024.abinit.org/media/system/js/keepalive-es5.minc5f2.js]
[school2024.abinit.org/media/plg_system_webauthn/js/login.min0473.js]
[school2024.abinit.org/media/system/js/keepalive.mincee7.js]
[school2024.abinit.org/media/system/js/fields/validate.min68a4.js]
[school2024.abinit.org/media/system/js/fields/passwordview.min0473.js]
[school2024.abinit.org/login798d.html]
[school2024.abinit.org/login4488.html]
[school2024.abinit.org/login4437.html]
[school2024.abinit.org/login.html]
[school2024.abinit.org/media/vendor/fontawesome-free/webfonts/fa-regular-400.svg]
[school2024.abinit.org/media/vendor/fontawesome-free/webfonts/fa-solid-900.svg]
[school2024.abinit.org/media/vendor/fontawesome-free/webfonts/fa-brands-400.svg]
[school2024.abinit.org/resources/images/images/plan_teratec.html]
[school2024.abinit.org/register/payment.html]
[school2024.abinit.org/components/com_breezingforms/libraries/jquery/tooltip.css]
[school2024.abinit.org/components/com_breezingforms/libraries/jquery/jq.min.js]
[school2024.abinit.org/components/com_breezingforms/libraries/jquery/tooltip.js]
[school2024.abinit.org/components/com_breezingforms/themes/quickmode/system.css]
[school2024.abinit.org/media/breezingforms/themes/default/theme.css]
[school2024.abinit.org/components/com_breezingforms/facileforms.js]
[school2024.abinit.org/components/com_breezingforms/images/captcha/securimage_show6ab9.png]
[school2024.abinit.org/index7a2a.html]
[school2024.abinit.org/media/plg_system_webauthn/css/button.min0473.css]
[school2024.abinit.org/login798d.html]
[school2024.abinit.org/login4488.html]
[school2024.abinit.org/media/system/js/fields/passwordstrength.min0473.js]
[school2024.abinit.org/login4437.html]
[school2024.abinit.org/components/com_breezingforms/libraries/jquery/tooltip.css]
[school2024.abinit.org/components/com_breezingforms/themes/quickmode/img/icon_info.png]
[school2024.abinit.org/components/com_breezingforms/themes/quickmode/system.css]
[school2024.abinit.org/media/breezingforms/themes/default/img/icon_info.png]
[school2024.abinit.org/media/breezingforms/themes/default/theme.css]
[school2024.abinit.org/components/com_breezingforms/images/index.html]
